<?xml version="1.0" encoding="UTF-8"?>
<!-- Generated by org.testng.reporters.JUnitXMLReporter -->
<testsuite ignored="0" hostname="DESKTOP-B7V6ES1" failures="1" tests="9" name="DBJobSearchTest" time="440.542" errors="0" timestamp="2023-09-02T22:23:34 IST">
  <testcase classname="io.cucumber.testng.AbstractTestNGCucumberTests" name="runScenario" time="22.176"/>
  <testcase classname="io.cucumber.testng.AbstractTestNGCucumberTests" name="runScenario" time="11.418"/>
  <testcase classname="io.cucumber.testng.AbstractTestNGCucumberTests" name="runScenario" time="45.477"/>
  <testcase classname="io.cucumber.testng.AbstractTestNGCucumberTests" name="runScenario" time="51.392">
    <failure type="org.junit.ComparisonFailure" message="expected:&amp;lt;[0]&amp;gt; but was:&amp;lt;[1]&amp;gt;">
      <![CDATA[org.junit.ComparisonFailure: expected:<[0]> but was:<[1]>
at com.db.stepdefinitions.DBCareerDefinitions.there_should_be_no_broken_links_on_the_page(DBCareerDefinitions.java:184)
at ✽.There should be no broken links on the page(file:///C:/Users/HP/eclipse-workspace/DBCareers_Project/src/test/resources/features/JobSearch.feature:32)
... Removed 4 stack frames]]>
    </failure>
  </testcase> <!-- runScenario -->
  <testcase classname="io.cucumber.testng.AbstractTestNGCucumberTests" name="runScenario" time="17.411"/>
  <testcase classname="io.cucumber.testng.AbstractTestNGCucumberTests" name="runScenario" time="71.962"/>
  <testcase classname="io.cucumber.testng.AbstractTestNGCucumberTests" name="runScenario" time="62.728"/>
  <testcase classname="io.cucumber.testng.AbstractTestNGCucumberTests" name="runScenario" time="76.728"/>
  <testcase classname="io.cucumber.testng.AbstractTestNGCucumberTests" name="runScenario" time="79.684"/>
</testsuite> <!-- DBJobSearchTest -->
