<?xml version="1.0" encoding="UTF-8"?>
<testng-results ignored="1" total="3" passed="2" failed="0" skipped="0">
  <reporter-output>
  </reporter-output>
  <suite started-at="2023-09-03T10:58:06 IST" name="Suite" finished-at="2023-09-03T11:00:43 IST" duration-ms="156390">
    <groups>
      <group name="cucumber">
        <method signature="AbstractTestNGCucumberTests.runScenario(io.cucumber.testng.PickleWrapper,io.cucumber.testng.FeatureWrapper)[pri:0, instance:com.db.testRunner.Runner2@1bb5a082]" name="runScenario" class="io.cucumber.testng.AbstractTestNGCucumberTests"/>
      </group> <!-- cucumber -->
    </groups>
    <test started-at="2023-09-03T10:58:06 IST" name="DBJobSearchTest" finished-at="2023-09-03T10:58:06 IST" duration-ms="51">
      <class name="com.db.testRunner.Runner">
        <test-method is-config="true" signature="defineBrowser(java.lang.String)[pri:0, instance:com.db.testRunner.Runner@c8c12ac]" started-at="2023-09-03T10:58:06 IST" name="defineBrowser" finished-at="2023-09-03T10:58:06 IST" duration-ms="28" status="PASS">
          <params>
            <param index="0">
              <value>
                <![CDATA[Chrome]]>
              </value>
            </param>
          </params>
          <reporter-output>
          </reporter-output>
        </test-method> <!-- defineBrowser -->
      </class> <!-- com.db.testRunner.Runner -->
    </test> <!-- DBJobSearchTest -->
    <test started-at="2023-09-03T10:58:06 IST" name="DBJobSearchTestFilters" finished-at="2023-09-03T11:00:43 IST" duration-ms="156198">
      <class name="com.db.testRunner.Runner2">
        <test-method is-config="true" signature="defineBrowser(java.lang.String)[pri:0, instance:com.db.testRunner.Runner2@1bb5a082]" started-at="2023-09-03T10:58:06 IST" name="defineBrowser" finished-at="2023-09-03T10:58:07 IST" duration-ms="2" status="PASS">
          <params>
            <param index="0">
              <value>
                <![CDATA[Edge]]>
              </value>
            </param>
          </params>
          <reporter-output>
          </reporter-output>
        </test-method> <!-- defineBrowser -->
        <test-method is-config="true" signature="setUpClass(org.testng.ITestContext)[pri:0, instance:com.db.testRunner.Runner2@1bb5a082]" started-at="2023-09-03T10:58:07 IST" name="setUpClass" finished-at="2023-09-03T10:58:08 IST" duration-ms="1266" status="PASS">
          <params>
            <param index="0">
              <value>
                <![CDATA[org.testng.TestRunner@27f3f512]]>
              </value>
            </param>
          </params>
          <reporter-output>
          </reporter-output>
        </test-method> <!-- setUpClass -->
        <test-method signature="runScenario(io.cucumber.testng.PickleWrapper,io.cucumber.testng.FeatureWrapper)[pri:0, instance:com.db.testRunner.Runner2@1bb5a082]" started-at="2023-09-03T10:58:08 IST" name="runScenario" description="Runs Cucumber Scenarios" data-provider="scenarios" finished-at="2023-09-03T10:59:34 IST" duration-ms="86159" status="PASS">
          <params>
            <param index="0">
              <value>
                <![CDATA["Verify user is able to search jobs by Division and is able to see relevant results after applying necessary filters in Search By section"]]>
              </value>
            </param>
            <param index="1">
              <value>
                <![CDATA["Search and Validate Job Openings"]]>
              </value>
            </param>
          </params>
          <reporter-output>
          </reporter-output>
        </test-method> <!-- runScenario -->
        <test-method is-config="true" signature="QuitBrowser()[pri:0, instance:com.db.testRunner.Runner2@1bb5a082]" started-at="2023-09-03T10:59:34 IST" name="QuitBrowser" finished-at="2023-09-03T10:59:34 IST" duration-ms="513" status="PASS">
          <reporter-output>
          </reporter-output>
        </test-method> <!-- QuitBrowser -->
        <test-method signature="runScenario(io.cucumber.testng.PickleWrapper,io.cucumber.testng.FeatureWrapper)[pri:0, instance:com.db.testRunner.Runner2@1bb5a082]" started-at="2023-09-03T10:59:34 IST" name="runScenario" description="Runs Cucumber Scenarios" data-provider="scenarios" finished-at="2023-09-03T11:00:42 IST" duration-ms="67515" status="PASS">
          <params>
            <param index="0">
              <value>
                <![CDATA["Verify user is able to search jobs by Division and is able to see relevant results after applying necessary filters in Search By section"]]>
              </value>
            </param>
            <param index="1">
              <value>
                <![CDATA["Search and Validate Job Openings"]]>
              </value>
            </param>
          </params>
          <reporter-output>
          </reporter-output>
        </test-method> <!-- runScenario -->
        <test-method is-config="true" signature="QuitBrowser()[pri:0, instance:com.db.testRunner.Runner2@1bb5a082]" started-at="2023-09-03T11:00:42 IST" name="QuitBrowser" finished-at="2023-09-03T11:00:43 IST" duration-ms="499" status="PASS">
          <reporter-output>
          </reporter-output>
        </test-method> <!-- QuitBrowser -->
        <test-method is-config="true" signature="tearDownClass()[pri:0, instance:com.db.testRunner.Runner2@1bb5a082]" started-at="2023-09-03T11:00:43 IST" name="tearDownClass" finished-at="2023-09-03T11:00:43 IST" duration-ms="174" status="PASS">
          <reporter-output>
          </reporter-output>
        </test-method> <!-- tearDownClass -->
      </class> <!-- com.db.testRunner.Runner2 -->
    </test> <!-- DBJobSearchTestFilters -->
  </suite> <!-- Suite -->
</testng-results>
