<?xml version="1.0" encoding="UTF-8"?>
<testng-results ignored="0" total="4" passed="4" failed="0" skipped="0">
  <reporter-output>
  </reporter-output>
  <suite started-at="2023-09-03T23:53:01 IST" name="Suite" finished-at="2023-09-03T23:54:28 IST" duration-ms="87083">
    <groups>
      <group name="cucumber">
        <method signature="AbstractTestNGCucumberTests.runScenario(io.cucumber.testng.PickleWrapper,io.cucumber.testng.FeatureWrapper)[pri:0, instance:com.db.testRunner.SmokeRunner@5c33f1a9]" name="runScenario" class="io.cucumber.testng.AbstractTestNGCucumberTests"/>
      </group> <!-- cucumber -->
    </groups>
    <test started-at="2023-09-03T23:53:01 IST" name="SmokeSuite" finished-at="2023-09-03T23:54:28 IST" duration-ms="87083">
      <class name="com.db.testRunner.SmokeRunner">
        <test-method is-config="true" signature="defineBrowser(java.lang.String)[pri:0, instance:com.db.testRunner.SmokeRunner@5c33f1a9]" started-at="2023-09-03T23:53:01 IST" name="defineBrowser" finished-at="2023-09-03T23:53:07 IST" duration-ms="5933" status="PASS">
          <params>
            <param index="0">
              <value>
                <![CDATA[Chrome]]>
              </value>
            </param>
          </params>
          <reporter-output>
          </reporter-output>
        </test-method> <!-- defineBrowser -->
        <test-method is-config="true" signature="setUpClass(org.testng.ITestContext)[pri:0, instance:com.db.testRunner.SmokeRunner@5c33f1a9]" started-at="2023-09-03T23:53:07 IST" name="setUpClass" finished-at="2023-09-03T23:53:09 IST" duration-ms="2472" status="PASS">
          <params>
            <param index="0">
              <value>
                <![CDATA[org.testng.TestRunner@5bcec67e]]>
              </value>
            </param>
          </params>
          <reporter-output>
          </reporter-output>
        </test-method> <!-- setUpClass -->
        <test-method signature="runScenario(io.cucumber.testng.PickleWrapper,io.cucumber.testng.FeatureWrapper)[pri:0, instance:com.db.testRunner.SmokeRunner@5c33f1a9]" started-at="2023-09-03T23:53:09 IST" name="runScenario" description="Runs Cucumber Scenarios" data-provider="scenarios" finished-at="2023-09-03T23:53:27 IST" duration-ms="17324" status="PASS">
          <params>
            <param index="0">
              <value>
                <![CDATA["Verify user is able to access Deutsche Bank job search page"]]>
              </value>
            </param>
            <param index="1">
              <value>
                <![CDATA["Navigation to Job Search"]]>
              </value>
            </param>
          </params>
          <reporter-output>
          </reporter-output>
        </test-method> <!-- runScenario -->
        <test-method is-config="true" signature="QuitBrowser()[pri:0, instance:com.db.testRunner.SmokeRunner@5c33f1a9]" started-at="2023-09-03T23:53:27 IST" name="QuitBrowser" finished-at="2023-09-03T23:53:30 IST" duration-ms="2867" status="PASS">
          <reporter-output>
          </reporter-output>
        </test-method> <!-- QuitBrowser -->
        <test-method signature="runScenario(io.cucumber.testng.PickleWrapper,io.cucumber.testng.FeatureWrapper)[pri:0, instance:com.db.testRunner.SmokeRunner@5c33f1a9]" started-at="2023-09-03T23:53:30 IST" name="runScenario" description="Runs Cucumber Scenarios" data-provider="scenarios" finished-at="2023-09-03T23:53:48 IST" duration-ms="18012" status="PASS">
          <params>
            <param index="0">
              <value>
                <![CDATA["Verify job positions when user views all the open positions without applying any filters in Search By section"]]>
              </value>
            </param>
            <param index="1">
              <value>
                <![CDATA["Search and Validate Job Openings"]]>
              </value>
            </param>
          </params>
          <reporter-output>
          </reporter-output>
        </test-method> <!-- runScenario -->
        <test-method is-config="true" signature="QuitBrowser()[pri:0, instance:com.db.testRunner.SmokeRunner@5c33f1a9]" started-at="2023-09-03T23:53:48 IST" name="QuitBrowser" finished-at="2023-09-03T23:53:48 IST" duration-ms="413" status="PASS">
          <reporter-output>
          </reporter-output>
        </test-method> <!-- QuitBrowser -->
        <test-method signature="runScenario(io.cucumber.testng.PickleWrapper,io.cucumber.testng.FeatureWrapper)[pri:0, instance:com.db.testRunner.SmokeRunner@5c33f1a9]" started-at="2023-09-03T23:53:48 IST" name="runScenario" description="Runs Cucumber Scenarios" data-provider="scenarios" finished-at="2023-09-03T23:54:10 IST" duration-ms="21648" status="PASS">
          <params>
            <param index="0">
              <value>
                <![CDATA["Verify user is able to search jobs by providing both Role Title and Job ID and verify first preference is given to jobs having jobID"]]>
              </value>
            </param>
            <param index="1">
              <value>
                <![CDATA["Search and Validate Job Openings"]]>
              </value>
            </param>
          </params>
          <reporter-output>
          </reporter-output>
        </test-method> <!-- runScenario -->
        <test-method is-config="true" signature="QuitBrowser()[pri:0, instance:com.db.testRunner.SmokeRunner@5c33f1a9]" started-at="2023-09-03T23:54:10 IST" name="QuitBrowser" finished-at="2023-09-03T23:54:10 IST" duration-ms="412" status="PASS">
          <reporter-output>
          </reporter-output>
        </test-method> <!-- QuitBrowser -->
        <test-method signature="runScenario(io.cucumber.testng.PickleWrapper,io.cucumber.testng.FeatureWrapper)[pri:0, instance:com.db.testRunner.SmokeRunner@5c33f1a9]" started-at="2023-09-03T23:54:10 IST" name="runScenario" description="Runs Cucumber Scenarios" data-provider="scenarios" finished-at="2023-09-03T23:54:27 IST" duration-ms="17332" status="PASS">
          <params>
            <param index="0">
              <value>
                <![CDATA["Verify user is able to search jobs by providing both Role Title and Job ID and verify first preference is given to jobs having jobID"]]>
              </value>
            </param>
            <param index="1">
              <value>
                <![CDATA["Search and Validate Job Openings"]]>
              </value>
            </param>
          </params>
          <reporter-output>
          </reporter-output>
        </test-method> <!-- runScenario -->
        <test-method is-config="true" signature="QuitBrowser()[pri:0, instance:com.db.testRunner.SmokeRunner@5c33f1a9]" started-at="2023-09-03T23:54:27 IST" name="QuitBrowser" finished-at="2023-09-03T23:54:28 IST" duration-ms="406" status="PASS">
          <reporter-output>
          </reporter-output>
        </test-method> <!-- QuitBrowser -->
        <test-method is-config="true" signature="tearDownClass()[pri:0, instance:com.db.testRunner.SmokeRunner@5c33f1a9]" started-at="2023-09-03T23:54:28 IST" name="tearDownClass" finished-at="2023-09-03T23:54:28 IST" duration-ms="165" status="PASS">
          <reporter-output>
          </reporter-output>
        </test-method> <!-- tearDownClass -->
      </class> <!-- com.db.testRunner.SmokeRunner -->
    </test> <!-- SmokeSuite -->
  </suite> <!-- Suite -->
</testng-results>
