<?xml version="1.0" encoding="UTF-8"?>
<testng-results ignored="0" total="2" passed="2" failed="0" skipped="0">
  <reporter-output>
  </reporter-output>
  <suite started-at="2023-09-04T09:15:27 IST" name="Suite" finished-at="2023-09-04T09:17:56 IST" duration-ms="149474">
    <groups>
      <group name="cucumber">
        <method signature="AbstractTestNGCucumberTests.runScenario(io.cucumber.testng.PickleWrapper,io.cucumber.testng.FeatureWrapper)[pri:0, instance:com.db.testRunner.SmokeRunner@5c33f1a9]" name="runScenario" class="io.cucumber.testng.AbstractTestNGCucumberTests"/>
      </group> <!-- cucumber -->
    </groups>
    <test started-at="2023-09-04T09:15:27 IST" name="SmokeSuite" finished-at="2023-09-04T09:17:56 IST" duration-ms="149474">
      <class name="com.db.testRunner.SmokeRunner">
        <test-method is-config="true" signature="defineBrowser(java.lang.String)[pri:0, instance:com.db.testRunner.SmokeRunner@5c33f1a9]" started-at="2023-09-04T09:15:27 IST" name="defineBrowser" finished-at="2023-09-04T09:15:34 IST" duration-ms="7289" status="PASS">
          <params>
            <param index="0">
              <value>
                <![CDATA[Chrome]]>
              </value>
            </param>
          </params>
          <reporter-output>
          </reporter-output>
        </test-method> <!-- defineBrowser -->
        <test-method is-config="true" signature="setUpClass(org.testng.ITestContext)[pri:0, instance:com.db.testRunner.SmokeRunner@5c33f1a9]" started-at="2023-09-04T09:15:34 IST" name="setUpClass" finished-at="2023-09-04T09:15:37 IST" duration-ms="2268" status="PASS">
          <params>
            <param index="0">
              <value>
                <![CDATA[org.testng.TestRunner@3946075]]>
              </value>
            </param>
          </params>
          <reporter-output>
          </reporter-output>
        </test-method> <!-- setUpClass -->
        <test-method signature="runScenario(io.cucumber.testng.PickleWrapper,io.cucumber.testng.FeatureWrapper)[pri:0, instance:com.db.testRunner.SmokeRunner@5c33f1a9]" started-at="2023-09-04T09:15:37 IST" name="runScenario" description="Runs Cucumber Scenarios" data-provider="scenarios" finished-at="2023-09-04T09:16:52 IST" duration-ms="75302" status="PASS">
          <params>
            <param index="0">
              <value>
                <![CDATA["Verify user is able to search jobs by Division and is able to see relevant results after applying necessary filters in Search By section"]]>
              </value>
            </param>
            <param index="1">
              <value>
                <![CDATA["Search and Validate Job Openings"]]>
              </value>
            </param>
          </params>
          <reporter-output>
          </reporter-output>
        </test-method> <!-- runScenario -->
        <test-method is-config="true" signature="QuitBrowser()[pri:0, instance:com.db.testRunner.SmokeRunner@5c33f1a9]" started-at="2023-09-04T09:16:52 IST" name="QuitBrowser" finished-at="2023-09-04T09:16:52 IST" duration-ms="430" status="PASS">
          <reporter-output>
          </reporter-output>
        </test-method> <!-- QuitBrowser -->
        <test-method signature="runScenario(io.cucumber.testng.PickleWrapper,io.cucumber.testng.FeatureWrapper)[pri:0, instance:com.db.testRunner.SmokeRunner@5c33f1a9]" started-at="2023-09-04T09:16:52 IST" name="runScenario" description="Runs Cucumber Scenarios" data-provider="scenarios" finished-at="2023-09-04T09:17:55 IST" duration-ms="62541" status="PASS">
          <params>
            <param index="0">
              <value>
                <![CDATA["Verify user is able to search jobs by Division and is able to see relevant results after applying necessary filters in Search By section"]]>
              </value>
            </param>
            <param index="1">
              <value>
                <![CDATA["Search and Validate Job Openings"]]>
              </value>
            </param>
          </params>
          <reporter-output>
          </reporter-output>
        </test-method> <!-- runScenario -->
        <test-method is-config="true" signature="QuitBrowser()[pri:0, instance:com.db.testRunner.SmokeRunner@5c33f1a9]" started-at="2023-09-04T09:17:55 IST" name="QuitBrowser" finished-at="2023-09-04T09:17:56 IST" duration-ms="1450" status="PASS">
          <reporter-output>
          </reporter-output>
        </test-method> <!-- QuitBrowser -->
        <test-method is-config="true" signature="tearDownClass()[pri:0, instance:com.db.testRunner.SmokeRunner@5c33f1a9]" started-at="2023-09-04T09:17:56 IST" name="tearDownClass" finished-at="2023-09-04T09:17:56 IST" duration-ms="91" status="PASS">
          <reporter-output>
          </reporter-output>
        </test-method> <!-- tearDownClass -->
      </class> <!-- com.db.testRunner.SmokeRunner -->
    </test> <!-- SmokeSuite -->
  </suite> <!-- Suite -->
</testng-results>
