<?xml version="1.0" encoding="UTF-8"?>
<!-- Generated by org.testng.reporters.JUnitReportReporter -->
<testsuite hostname="DESKTOP-B7V6ES1" failures="1" tests="9" name="com.db.testRunner.Runner" time="438.976" errors="0" timestamp="2023-09-02T22:23:34 IST" skipped="0">
  <testcase classname="com.db.testRunner.Runner" name="runScenario" time="22.176"/>
  <system-out/>
  <testcase classname="com.db.testRunner.Runner" name="runScenario" time="45.477"/>
  <system-out/>
  <testcase classname="com.db.testRunner.Runner" name="runScenario" time="76.728"/>
  <system-out/>
  <testcase classname="com.db.testRunner.Runner" name="runScenario" time="62.728"/>
  <system-out/>
  <testcase classname="com.db.testRunner.Runner" name="runScenario" time="71.962"/>
  <system-out/>
  <testcase classname="com.db.testRunner.Runner" name="runScenario" time="51.392">
    <failure message="expected:&lt;[0]&gt; but was:&lt;[1]&gt;" type="org.junit.ComparisonFailure">
      <![CDATA[org.junit.ComparisonFailure: expected:<[0]> but was:<[1]>
at java.base/jdk.internal.reflect.NativeConstructorAccessorImpl.newInstance0(Native Method)
at java.base/jdk.internal.reflect.NativeConstructorAccessorImpl.newInstance(NativeConstructorAccessorImpl.java:77)
at java.base/jdk.internal.reflect.DelegatingConstructorAccessorImpl.newInstance(DelegatingConstructorAccessorImpl.java:45)
at java.base/java.lang.reflect.Constructor.newInstanceWithCaller(Constructor.java:499)
at com.db.stepdefinitions.DBCareerDefinitions.there_should_be_no_broken_links_on_the_page(DBCareerDefinitions.java:184)
at ✽.There should be no broken links on the page(file:///C:/Users/HP/eclipse-workspace/DBCareers_Project/src/test/resources/features/JobSearch.feature:32)
]]>
    </failure>
  </testcase> <!-- runScenario -->
  <system-out/>
  <testcase classname="com.db.testRunner.Runner" name="runScenario" time="11.418"/>
  <system-out/>
  <testcase classname="com.db.testRunner.Runner" name="runScenario" time="17.411"/>
  <system-out/>
  <testcase classname="com.db.testRunner.Runner" name="runScenario" time="79.684"/>
  <system-out/>
</testsuite> <!-- com.db.testRunner.Runner -->
